<?xml version="1.0" encoding="UTF-8"?>
<robot generator="Robot 5.0.1 (Python 3.10.4 on darwin)" generated="20220605 03:29:16.374" rpa="false" schemaversion="3">
<suite id="s1" name="Amazon Testes" source="/Users/administrador/Desktop/Curso/RobotFramework/WebTesting/amazon_testes.robot">
<test id="s1-t1" name="Caso de teste 01 - Acesso ao menu &quot;Eletronicos&quot;" line="11">
<kw name="Abrir o navegador" library="amazon_resources" type="SETUP">
<kw name="Open Browser" library="SeleniumLibrary">
<arg>browser=chrome</arg>
<doc>Opens a new browser instance to the optional ``url``.</doc>
<msg timestamp="20220605 03:29:16.765" level="INFO">Opening browser 'chrome' to base url 'None'.</msg>
<msg timestamp="20220605 03:29:16.770" level="INFO">Cannot capture screenshot because no browser is open.</msg>
<msg timestamp="20220605 03:29:16.772" level="FAIL">WebDriverException: Message: 'chromedriver' executable needs to be in PATH. Please see https://chromedriver.chromium.org/home
</msg>
<status status="FAIL" starttime="20220605 03:29:16.765" endtime="20220605 03:29:16.784"/>
</kw>
<status status="FAIL" starttime="20220605 03:29:16.764" endtime="20220605 03:29:16.785"/>
</kw>
<kw name="Fechar o navegador" library="amazon_resources" type="TEARDOWN">
<kw name="Close Browser" library="SeleniumLibrary">
<doc>Closes the current browser.</doc>
<status status="PASS" starttime="20220605 03:29:16.787" endtime="20220605 03:29:16.787"/>
</kw>
<status status="PASS" starttime="20220605 03:29:16.786" endtime="20220605 03:29:16.787"/>
</kw>
<doc>Esse teste verifica o menu eletronicos no site da Amazon
e verifica a categoria de computadores</doc>
<tag>acesso_menu</tag>
<status status="FAIL" starttime="20220605 03:29:16.763" endtime="20220605 03:29:16.787">Setup failed:
WebDriverException: Message: 'chromedriver' executable needs to be in PATH. Please see https://chromedriver.chromium.org/home
</status>
</test>
<test id="s1-t2" name="Caso de teste 02 - Pesquisar por um produto&quot;" line="21">
<kw name="Abrir o navegador" library="amazon_resources" type="SETUP">
<kw name="Open Browser" library="SeleniumLibrary">
<arg>browser=chrome</arg>
<doc>Opens a new browser instance to the optional ``url``.</doc>
<msg timestamp="20220605 03:29:16.790" level="INFO">Opening browser 'chrome' to base url 'None'.</msg>
<msg timestamp="20220605 03:29:16.793" level="INFO">Cannot capture screenshot because no browser is open.</msg>
<msg timestamp="20220605 03:29:16.794" level="FAIL">WebDriverException: Message: 'chromedriver' executable needs to be in PATH. Please see https://chromedriver.chromium.org/home
</msg>
<status status="FAIL" starttime="20220605 03:29:16.789" endtime="20220605 03:29:16.795"/>
</kw>
<status status="FAIL" starttime="20220605 03:29:16.789" endtime="20220605 03:29:16.796"/>
</kw>
<kw name="Fechar o navegador" library="amazon_resources" type="TEARDOWN">
<kw name="Close Browser" library="SeleniumLibrary">
<doc>Closes the current browser.</doc>
<status status="PASS" starttime="20220605 03:29:16.797" endtime="20220605 03:29:16.797"/>
</kw>
<status status="PASS" starttime="20220605 03:29:16.796" endtime="20220605 03:29:16.797"/>
</kw>
<doc>Esse teste verifica o produto no site da Amazon</doc>
<tag>busca_produto</tag>
<status status="FAIL" starttime="20220605 03:29:16.788" endtime="20220605 03:29:16.797">Setup failed:
WebDriverException: Message: 'chromedriver' executable needs to be in PATH. Please see https://chromedriver.chromium.org/home
</status>
</test>
<doc>Essa suite teste o site da Amazon</doc>
<status status="FAIL" starttime="20220605 03:29:16.378" endtime="20220605 03:29:16.798"/>
</suite>
<statistics>
<total>
<stat pass="0" fail="2" skip="0">All Tests</stat>
</total>
<tag>
<stat pass="0" fail="1" skip="0">acesso_menu</stat>
<stat pass="0" fail="1" skip="0">busca_produto</stat>
</tag>
<suite>
<stat pass="0" fail="2" skip="0" id="s1" name="Amazon Testes">Amazon Testes</stat>
</suite>
</statistics>
<errors>
</errors>
</robot>
